INFO  Validating config
INFO  Start processing
INFO  Hexo is running at http://localhost:4000 . Press Ctrl+C to stop.
INFO  Good bye
INFO  Validating config
INFO  Start processing
INFO  Hexo is running at http://localhost:4000 . Press Ctrl+C to stop.
(node:17785) Warning: Accessing non-existent property 'lineno' of module exports inside circular dependency
(node:17785) Warning: Accessing non-existent property 'column' of module exports inside circular dependency
(node:17785) Warning: Accessing non-existent property 'filename' of module exports inside circular dependency
(node:17785) Warning: Accessing non-existent property 'lineno' of module exports inside circular dependency
(node:17785) Warning: Accessing non-existent property 'column' of module exports inside circular dependency
(node:17785) Warning: Accessing non-existent property 'filename' of module exports inside circular dependency
INFO  Have a nice day
INFO  Validating config
INFO  Start processing
INFO  Hexo is running at http://localhost:4000 . Press Ctrl+C to stop.
(node:17995) Warning: Accessing non-existent property 'lineno' of module exports inside circular dependency
(node:17995) Warning: Accessing non-existent property 'column' of module exports inside circular dependency
(node:17995) Warning: Accessing non-existent property 'filename' of module exports inside circular dependency
(node:17995) Warning: Accessing non-existent property 'lineno' of module exports inside circular dependency
(node:17995) Warning: Accessing non-existent property 'column' of module exports inside circular dependency
(node:17995) Warning: Accessing non-existent property 'filename' of module exports inside circular dependency
INFO  Validating config
INFO  Start processing
INFO  Hexo is running at http://localhost:4000 . Press Ctrl+C to stop.
